<?xml version="1.0" encoding="UTF-8"?>
<testng-results skipped="0" failed="1" total="8" passed="7">
  <reporter-output>
  </reporter-output>
  <suite name="Default suite" duration-ms="10811065" started-at="2018-06-22T10:38:45Z" finished-at="2018-06-22T13:38:56Z">
    <groups>
    </groups>
    <test name="Default test" duration-ms="10811065" started-at="2018-06-22T10:38:45Z" finished-at="2018-06-22T13:38:56Z">
      <class name="com.qait.automation.tatocAutomation.AppTest">
        <test-method status="PASS" signature="beforeTest()[pri:0, instance:com.qait.automation.tatocAutomation.AppTest@9629756]" name="beforeTest" is-config="true" duration-ms="4583" started-at="2018-06-22T16:08:45Z" finished-at="2018-06-22T16:08:50Z">
          <reporter-output>
          </reporter-output>
        </test-method> <!-- beforeTest -->
        <test-method status="PASS" signature="openApp()[pri:0, instance:com.qait.automation.tatocAutomation.AppTest@9629756]" name="openApp" duration-ms="537" started-at="2018-06-22T16:08:50Z" finished-at="2018-06-22T16:08:50Z">
          <reporter-output>
          </reporter-output>
        </test-method> <!-- openApp -->
        <test-method status="PASS" signature="homePage()[pri:0, instance:com.qait.automation.tatocAutomation.AppTest@9629756]" name="homePage" duration-ms="232" started-at="2018-06-22T16:08:50Z" finished-at="2018-06-22T16:08:51Z">
          <reporter-output>
          </reporter-output>
        </test-method> <!-- homePage -->
        <test-method status="PASS" signature="gridGate()[pri:0, instance:com.qait.automation.tatocAutomation.AppTest@9629756]" name="gridGate" duration-ms="345" started-at="2018-06-22T16:08:51Z" finished-at="2018-06-22T16:08:51Z">
          <reporter-output>
          </reporter-output>
        </test-method> <!-- gridGate -->
        <test-method status="PASS" signature="frameDungeon()[pri:0, instance:com.qait.automation.tatocAutomation.AppTest@9629756]" name="frameDungeon" duration-ms="953" started-at="2018-06-22T16:08:51Z" finished-at="2018-06-22T16:08:52Z">
          <reporter-output>
          </reporter-output>
        </test-method> <!-- frameDungeon -->
        <test-method status="PASS" signature="dragAround()[pri:0, instance:com.qait.automation.tatocAutomation.AppTest@9629756]" name="dragAround" duration-ms="372" started-at="2018-06-22T16:08:52Z" finished-at="2018-06-22T16:08:52Z">
          <reporter-output>
          </reporter-output>
        </test-method> <!-- dragAround -->
        <test-method status="PASS" signature="popupWindow()[pri:0, instance:com.qait.automation.tatocAutomation.AppTest@9629756]" name="popupWindow" duration-ms="104" started-at="2018-06-22T16:08:52Z" finished-at="2018-06-22T16:08:52Z">
          <reporter-output>
          </reporter-output>
        </test-method> <!-- popupWindow -->
        <test-method status="PASS" signature="newWindow()[pri:0, instance:com.qait.automation.tatocAutomation.AppTest@9629756]" name="newWindow" duration-ms="1453" started-at="2018-06-22T16:08:52Z" finished-at="2018-06-22T16:08:54Z">
          <reporter-output>
          </reporter-output>
        </test-method> <!-- newWindow -->
        <test-method status="FAIL" signature="cookiePage()[pri:0, instance:com.qait.automation.tatocAutomation.AppTest@9629756]" name="cookiePage" duration-ms="10801528" started-at="2018-06-22T16:08:54Z" finished-at="2018-06-22T19:08:55Z">
          <exception class="org.openqa.selenium.WebDriverException">
            <message>
              <![CDATA[java.net.SocketTimeoutException: timeout
Build info: version: '3.12.0', revision: '7c6e0b3', time: '2018-05-08T14:04:26.12Z'
System info: host: 'HPDA0017', ip: '10.0.36.63', os.name: 'Windows 7', os.arch: 'amd64', os.version: '6.1', java.version: '1.8.0_151'
Driver info: driver.version: RemoteWebDriver]]>
            </message>
            <full-stacktrace>
              <![CDATA[org.openqa.selenium.WebDriverException: java.net.SocketTimeoutException: timeout
Build info: version: '3.12.0', revision: '7c6e0b3', time: '2018-05-08T14:04:26.12Z'
System info: host: 'HPDA0017', ip: '10.0.36.63', os.name: 'Windows 7', os.arch: 'amd64', os.version: '6.1', java.version: '1.8.0_151'
Driver info: driver.version: RemoteWebDriver
	at org.openqa.selenium.remote.service.DriverCommandExecutor.execute(DriverCommandExecutor.java:92)
	at org.openqa.selenium.remote.RemoteWebDriver.execute(RemoteWebDriver.java:543)
	at org.openqa.selenium.remote.RemoteWebDriver$RemoteWebDriverOptions.addCookie(RemoteWebDriver.java:673)
	at com.qait.automation.tatocAutomation.cookiePage.cookiePage_action(cookiePage.java:21)
	at com.qait.automation.tatocAutomation.AppTest.cookiePage(AppTest.java:74)
	at sun.reflect.NativeMethodAccessorImpl.invoke0(Native Method)
	at sun.reflect.NativeMethodAccessorImpl.invoke(NativeMethodAccessorImpl.java:62)
	at sun.reflect.DelegatingMethodAccessorImpl.invoke(DelegatingMethodAccessorImpl.java:43)
	at java.lang.reflect.Method.invoke(Method.java:498)
	at org.testng.internal.MethodInvocationHelper.invokeMethod(MethodInvocationHelper.java:80)
	at org.testng.internal.Invoker.invokeMethod(Invoker.java:714)
	at org.testng.internal.Invoker.invokeTestMethod(Invoker.java:901)
	at org.testng.internal.Invoker.invokeTestMethods(Invoker.java:1231)
	at org.testng.internal.TestMethodWorker.invokeTestMethods(TestMethodWorker.java:127)
	at org.testng.internal.TestMethodWorker.run(TestMethodWorker.java:111)
	at org.testng.TestRunner.privateRun(TestRunner.java:767)
	at org.testng.TestRunner.run(TestRunner.java:617)
	at org.testng.SuiteRunner.runTest(SuiteRunner.java:334)
	at org.testng.SuiteRunner.runSequentially(SuiteRunner.java:329)
	at org.testng.SuiteRunner.privateRun(SuiteRunner.java:291)
	at org.testng.SuiteRunner.run(SuiteRunner.java:240)
	at org.testng.SuiteRunnerWorker.runSuite(SuiteRunnerWorker.java:52)
	at org.testng.SuiteRunnerWorker.run(SuiteRunnerWorker.java:86)
	at org.testng.TestNG.runSuitesSequentially(TestNG.java:1198)
	at org.testng.TestNG.runSuitesLocally(TestNG.java:1123)
	at org.testng.TestNG.run(TestNG.java:1031)
	at org.testng.remote.AbstractRemoteTestNG.run(AbstractRemoteTestNG.java:114)
	at org.testng.remote.RemoteTestNG.initAndRun(RemoteTestNG.java:251)
	at org.testng.remote.RemoteTestNG.main(RemoteTestNG.java:77)
Caused by: java.net.SocketTimeoutException: timeout
	at okio.Okio$4.newTimeoutException(Okio.java:230)
	at okio.AsyncTimeout.exit(AsyncTimeout.java:285)
	at okio.AsyncTimeout$2.read(AsyncTimeout.java:241)
	at okio.RealBufferedSource.indexOf(RealBufferedSource.java:345)
	at okio.RealBufferedSource.readUtf8LineStrict(RealBufferedSource.java:217)
	at okhttp3.internal.http1.Http1Codec.readHeaderLine(Http1Codec.java:212)
	at okhttp3.internal.http1.Http1Codec.readResponseHeaders(Http1Codec.java:189)
	at okhttp3.internal.http.CallServerInterceptor.intercept(CallServerInterceptor.java:88)
	at okhttp3.internal.http.RealInterceptorChain.proceed(RealInterceptorChain.java:147)
	at okhttp3.internal.connection.ConnectInterceptor.intercept(ConnectInterceptor.java:45)
	at okhttp3.internal.http.RealInterceptorChain.proceed(RealInterceptorChain.java:147)
	at okhttp3.internal.http.RealInterceptorChain.proceed(RealInterceptorChain.java:121)
	at okhttp3.internal.cache.CacheInterceptor.intercept(CacheInterceptor.java:93)
	at okhttp3.internal.http.RealInterceptorChain.proceed(RealInterceptorChain.java:147)
	at okhttp3.internal.http.RealInterceptorChain.proceed(RealInterceptorChain.java:121)
	at okhttp3.internal.http.BridgeInterceptor.intercept(BridgeInterceptor.java:93)
	at okhttp3.internal.http.RealInterceptorChain.proceed(RealInterceptorChain.java:147)
	at okhttp3.internal.http.RetryAndFollowUpInterceptor.intercept(RetryAndFollowUpInterceptor.java:125)
	at okhttp3.internal.http.RealInterceptorChain.proceed(RealInterceptorChain.java:147)
	at okhttp3.internal.http.RealInterceptorChain.proceed(RealInterceptorChain.java:121)
	at okhttp3.RealCall.getResponseWithInterceptorChain(RealCall.java:200)
	at okhttp3.RealCall.execute(RealCall.java:77)
	at org.openqa.selenium.remote.internal.OkHttpClient.execute(OkHttpClient.java:105)
	at org.openqa.selenium.remote.HttpCommandExecutor.execute(HttpCommandExecutor.java:155)
	at org.openqa.selenium.remote.service.DriverCommandExecutor.execute(DriverCommandExecutor.java:83)
	... 28 more
Caused by: java.net.SocketTimeoutException: Read timed out
	at java.net.SocketInputStream.socketRead0(Native Method)
	at java.net.SocketInputStream.socketRead(SocketInputStream.java:116)
	at java.net.SocketInputStream.read(SocketInputStream.java:171)
	at java.net.SocketInputStream.read(SocketInputStream.java:141)
	at okio.Okio$2.read(Okio.java:139)
	at okio.AsyncTimeout$2.read(AsyncTimeout.java:237)
	... 50 more
]]>
            </full-stacktrace>
          </exception> <!-- org.openqa.selenium.WebDriverException -->
          <reporter-output>
          </reporter-output>
        </test-method> <!-- cookiePage -->
        <test-method status="PASS" signature="afterTest()[pri:0, instance:com.qait.automation.tatocAutomation.AppTest@9629756]" name="afterTest" is-config="true" duration-ms="27" started-at="2018-06-22T19:08:56Z" finished-at="2018-06-22T19:08:56Z">
          <reporter-output>
          </reporter-output>
        </test-method> <!-- afterTest -->
      </class> <!-- com.qait.automation.tatocAutomation.AppTest -->
    </test> <!-- Default test -->
  </suite> <!-- Default suite -->
</testng-results>
